#
# There is insufficient memory for the Java Runtime Environment to continue.
# Native memory allocation (malloc) failed to allocate 32744 bytes for ChunkPool::allocate
# Possible reasons:
#   The system is out of physical RAM or swap space
#   In 32 bit mode, the process size limit was hit
# Possible solutions:
#   Reduce memory load on the system
#   Increase physical memory or swap space
#   Check if swap backing store is full
#   Use 64 bit Java on a 64 bit OS
#   Decrease Java heap size (-Xmx/-Xms)
#   Decrease number of Java threads
#   Decrease Java thread stack sizes (-Xss)
#   Set larger code cache with -XX:ReservedCodeCacheSize=
# This output file may be truncated or incomplete.
#
#  Out of Memory Error (allocation.cpp:273), pid=2904, tid=0x0000000000005680
#
# JRE version: OpenJDK Runtime Environment (8.0_112-b06) (build 1.8.0_112-release-b06)
# Java VM: OpenJDK 64-Bit Server VM (25.112-b06 mixed mode windows-amd64 compressed oops)
# Failed to write core dump. Minidumps are not enabled by default on client versions of Windows
#

---------------  T H R E A D  ---------------

Current thread (0x0000000056445800):  JavaThread "C1 CompilerThread2" daemon [_thread_in_native, id=22144, stack(0x00000000561b0000,0x00000000562b0000)]

Stack: [0x00000000561b0000,0x00000000562b0000]
[error occurred during error reporting (printing stack bounds), id 0xc0000005]

Native frames: (J=compiled Java code, j=interpreted, Vv=VM code, C=native code)


Current CompileTask:
C1:   1849 1319       3      
[error occurred during error reporting (printing current compile task), id 0xe0000001]


---------------  P R O C E S S  ---------------

Java Threads: ( => current thread )
  0x00000000570ed800 JavaThread "pool-2-thread-4" [_thread_blocked, id=22140, stack(0x0000000057ff0000,0x00000000580f0000)]
  0x00000000570e6800 JavaThread "pool-2-thread-3" [_thread_blocked, id=21784, stack(0x0000000057d90000,0x0000000057e90000)]
  0x00000000570dc800 JavaThread "pool-2-thread-2" [_thread_in_Java, id=5540, stack(0x0000000057bf0000,0x0000000057cf0000)]
  0x000000005672e000 JavaThread "pool-3-thread-1" [_thread_blocked, id=22176, stack(0x00000000578d0000,0x00000000579d0000)]
  0x00000000566a5800 JavaThread "pool-2-thread-1" [_thread_blocked, id=22152, stack(0x0000000057a40000,0x0000000057b40000)]
  0x000000005646c000 JavaThread "Service Thread" daemon [_thread_blocked, id=16244, stack(0x0000000056840000,0x0000000056940000)]
=>0x0000000056445800 JavaThread "C1 CompilerThread2" daemon [_thread_in_native, id=22144, stack(0x00000000561b0000,0x00000000562b0000)]
  0x00000000563fc000 JavaThread "C2 CompilerThread1" daemon [_thread_in_native, id=22080, stack(0x0000000056de0000,0x0000000056ee0000)]
  0x0000000054fdb800 JavaThread "C2 CompilerThread0" daemon [_thread_in_native, id=18236, stack(0x0000000056c50000,0x0000000056d50000)]
  0x00000000563e8800 JavaThread "Attach Listener" daemon [_thread_blocked, id=7696, stack(0x0000000056a90000,0x0000000056b90000)]
  0x0000000054fcd800 JavaThread "Signal Dispatcher" daemon [_thread_blocked, id=22112, stack(0x0000000056960000,0x0000000056a60000)]
  0x0000000054fb7800 JavaThread "Finalizer" daemon [_thread_blocked, id=3148, stack(0x00000000562e0000,0x00000000563e0000)]
  0x0000000054f70800 JavaThread "Reference Handler" daemon [_thread_blocked, id=21920, stack(0x00000000560b0000,0x00000000561b0000)]
  0x000000000027e000 JavaThread "main" [_thread_in_vm, id=21904, stack(0x0000000002400000,0x0000000002500000)]

Other Threads:
  0x0000000054f69000 VMThread [stack: 0x0000000055ee0000,0x0000000055fe0000] [id=16640]
  0x000000005646e000 WatcherThread [stack: 0x0000000056fb0000,0x00000000570b0000] [id=22444]

VM state:not at safepoint (normal execution)

VM Mutex/Monitor currently owned by a thread: None

Heap:
 PSYoungGen      total 28672K, used 9281K [0x00000000eab00000, 0x00000000ecb00000, 0x0000000100000000)
  eden space 24576K, 21% used [0x00000000eab00000,0x00000000eb0128a8,0x00000000ec300000)
  from space 4096K, 99% used [0x00000000ec700000,0x00000000ecafdc08,0x00000000ecb00000)
  to   space 4096K, 0% used [0x00000000ec300000,0x00000000ec300000,0x00000000ec700000)
 ParOldGen       total 65536K, used 2339K [0x00000000c0000000, 0x00000000c4000000, 0x00000000eab00000)
  object space 65536K, 3% used [0x00000000c0000000,0x00000000c0248f00,0x00000000c4000000)
 Metaspace       used 6058K, capacity 6960K, committed 7040K, reserved 1056768K
  class space    used 575K, capacity 616K, committed 640K, reserved 1048576K

Card table byte_map: [0x00000000118c0000,0x0000000011ad0000] byte_map_base: 0x00000000112c0000

Marking Bits: (ParMarkBitMap*) 0x00000000621418f0
 Begin Bits: [0x00000000123e0000, 0x00000000133e0000)
 End Bits:   [0x00000000133e0000, 0x00000000143e0000)

Polling page: 0x0000000000230000

CodeCache: size=245760Kb used=5276Kb max_used=5276Kb free=240484Kb
 bounds [0x0000000002500000, 0x0000000002a30000, 0x0000000011500000]
 total_blobs=1585 nmethods=1315 adapters=184
 compilation: enabled

Compilation events (10 events):
Event: 1.762 Thread 0x0000000056445800 nmethod 1322 0x0000000002a27b10 code [0x0000000002a27c60, 0x0000000002a27db0]
Event: 1.762 Thread 0x0000000056445800 1323       3       com.android.dx.rop.cst.TypedConstant::getBasicFrameType (8 bytes)
Event: 1.762 Thread 0x0000000056445800 nmethod 1323 0x0000000002a27e50 code [0x0000000002a27fc0, 0x0000000002a28278]
Event: 1.762 Thread 0x0000000056445800 1318       3       com.android.dx.cf.code.BasicBlocker::visitNoArgs (298 bytes)
Event: 1.762 Thread 0x0000000056445800 nmethod 1318 0x0000000002a28350 code [0x0000000002a285c0, 0x0000000002a29378]
Event: 1.762 Thread 0x0000000056445800 1321       3       com.android.dx.rop.annotation.Annotations::size (8 bytes)
Event: 1.762 Thread 0x0000000056445800 nmethod 1321 0x0000000002a29f50 code [0x0000000002a2a0a0, 0x0000000002a2a210]
Event: 1.762 Thread 0x0000000056445800 1311       3       java.util.Arrays::sort (47 bytes)
Event: 1.763 Thread 0x0000000056445800 nmethod 1311 0x0000000002a2a2d0 code [0x0000000002a2a480, 0x0000000002a2a8d8]
Event: 1.763 Thread 0x0000000056445800 1319       3       com.android.dx.cf.code.Simulator$SimVisitor::visitNoArgs (2136 bytes)

GC Heap History (4 events):
Event: 1.117 GC heap before
{Heap before GC invocations=1 (full 0):
 PSYoungGen      total 28672K, used 24576K [0x00000000eab00000, 0x00000000ecb00000, 0x0000000100000000)
  eden space 24576K, 100% used [0x00000000eab00000,0x00000000ec300000,0x00000000ec300000)
  from space 4096K, 0% used [0x00000000ec700000,0x00000000ec700000,0x00000000ecb00000)
  to   space 4096K, 0% used [0x00000000ec300000,0x00000000ec300000,0x00000000ec700000)
 ParOldGen       total 65536K, used 0K [0x00000000c0000000, 0x00000000c4000000, 0x00000000eab00000)
  object space 65536K, 0% used [0x00000000c0000000,0x00000000c0000000,0x00000000c4000000)
 Metaspace       used 5738K, capacity 6704K, committed 6784K, reserved 1056768K
  class space    used 572K, capacity 616K, committed 640K, reserved 1048576K
Event: 1.151 GC heap after
Heap after GC invocations=1 (full 0):
 PSYoungGen      total 28672K, used 4074K [0x00000000eab00000, 0x00000000ecb00000, 0x0000000100000000)
  eden space 24576K, 0% used [0x00000000eab00000,0x00000000eab00000,0x00000000ec300000)
  from space 4096K, 99% used [0x00000000ec300000,0x00000000ec6fa8c8,0x00000000ec700000)
  to   space 4096K, 0% used [0x00000000ec700000,0x00000000ec700000,0x00000000ecb00000)
 ParOldGen       total 65536K, used 30K [0x00000000c0000000, 0x00000000c4000000, 0x00000000eab00000)
  object space 65536K, 0% used [0x00000000c0000000,0x00000000c00078f8,0x00000000c4000000)
 Metaspace       used 5738K, capacity 6704K, committed 6784K, reserved 1056768K
  class space    used 572K, capacity 616K, committed 640K, reserved 1048576K
}
Event: 1.814 GC heap before
{Heap before GC invocations=2 (full 0):
 PSYoungGen      total 28672K, used 28650K [0x00000000eab00000, 0x00000000ecb00000, 0x0000000100000000)
  eden space 24576K, 100% used [0x00000000eab00000,0x00000000ec300000,0x00000000ec300000)
  from space 4096K, 99% used [0x00000000ec300000,0x00000000ec6fa8c8,0x00000000ec700000)
  to   space 4096K, 0% used [0x00000000ec700000,0x00000000ec700000,0x00000000ecb00000)
 ParOldGen       total 65536K, used 30K [0x00000000c0000000, 0x00000000c4000000, 0x00000000eab00000)
  object space 65536K, 0% used [0x00000000c0000000,0x00000000c00078f8,0x00000000c4000000)
 Metaspace       used 6045K, capacity 6960K, committed 7040K, reserved 1056768K
  class space    used 574K, capacity 616K, committed 640K, reserved 1048576K
Event: 1.822 GC heap after
Heap after GC invocations=2 (full 0):
 PSYoungGen      total 28672K, used 4087K [0x00000000eab00000, 0x00000000ecb00000, 0x0000000100000000)
  eden space 24576K, 0% used [0x00000000eab00000,0x00000000eab00000,0x00000000ec300000)
  from space 4096K, 99% used [0x00000000ec700000,0x00000000ecafdc08,0x00000000ecb00000)
  to   space 4096K, 0% used [0x00000000ec300000,0x00000000ec300000,0x00000000ec700000)
 ParOldGen       total 65536K, used 2339K [0x00000000c0000000, 0x00000000c4000000, 0x00000000eab00000)
  object space 65536K, 3% used [0x00000000c0000000,0x00000000c0248f00,0x00000000c4000000)
 Metaspace       used 6045K, capacity 6960K, committed 7040K, reserved 1056768K
  class space    used 574K, capacity 616K, committed 640K, reserved 1048576K
}

Deoptimization events (5 events):
Event: 0.738 Thread 0x00000000570ed800 Uncommon trap: reason=unstable_if action=reinterpret pc=0x000000000270cba8 method=java.util.HashMap.getNode(ILjava/lang/Object;)Ljava/util/HashMap$Node; @ 62
Event: 0.868 Thread 0x00000000566a5800 Uncommon trap: reason=unstable_if action=reinterpret pc=0x00000000027295dc method=java.util.HashMap.getNode(ILjava/lang/Object;)Ljava/util/HashMap$Node; @ 62
Event: 0.923 Thread 0x00000000566a5800 Uncommon trap: reason=unstable_if action=reinterpret pc=0x0000000002714ba0 method=java.util.BitSet.nextSetBit(I)I @ 87
Event: 1.571 Thread 0x00000000566a5800 Uncommon trap: reason=unstable_if action=reinterpret pc=0x0000000002924880 method=com.android.dx.ssa.SsaRenamer$BlockRenamer.addMapping(ILcom/android/dx/rop/code/RegisterSpec;)V @ 120
Event: 1.672 Thread 0x00000000566a5800 Uncommon trap: reason=unstable_if action=reinterpret pc=0x000000000288e244 method=com.android.dx.rop.cst.Constant.compareTo(Lcom/android/dx/rop/cst/Constant;)I @ 12

Internal exceptions (2 events):
Event: 0.077 Thread 0x000000000027e000 Exception <a 'java/lang/NoSuchMethodError': Method sun.misc.Unsafe.defineClass(Ljava/lang/String;[BII)Ljava/lang/Class; name or signature does not match> (0x00000000eab07c78) thrown at [C:\src\android\AOSP-openjdk\external\jetbrains\jdk\hotspot\src\share\vvâ@lº³?
Event: 0.077 Thread 0x000000000027e000 Exception <a 'java/lang/NoSuchMethodError': Method sun.misc.Unsafe.prefetchRead(Ljava/lang/Object;J)V name or signature does not match> (0x00000000eab07f60) thrown at [C:\src\android\AOSP-openjdk\external\jetbrains\jdk\hotspot\src\share\vm\prims\jni.cpp, l

Events (10 events):
Event: 1.672 Thread 0x00000000566a5800 DEOPT PACKING pc=0x000000000288e244 sp=0x0000000057b3e6f0
Event: 1.672 Thread 0x00000000566a5800 DEOPT UNPACKING pc=0x000000000254556a sp=0x0000000057b3e690 mode 2
Event: 1.794 Executing VM operation: ForceSafepoint
Event: 1.794 Executing VM operation: ForceSafepoint done
Event: 1.814 Executing VM operation: ParallelGCFailedAllocation
Event: 1.822 Executing VM operation: ParallelGCFailedAllocation done
Event: 1.830 loading class com/android/dx/cf/attrib/AttDeprecated
Event: 1.830 loading class com/android/dx/cf/attrib/AttDeprecated done
Event: 1.830 loading class com/android/dx/cf/direct/AnnotationParser
Event: 1.830 loading class com/android/dx/cf/direct/AnnotationParser done


Dynamic libraries:
0x000000013fef0000 - 0x000000013ff21000 	D:\AndroidStudio\Android Studio\jre\bin\java.exe
0x00000000773c0000 - 0x000000007756a000 	C:\Windows\SYSTEM32\ntdll.dll
0x0000000077060000 - 0x000000007717f000 	C:\Windows\system32\kernel32.dll
0x000007fefd390000 - 0x000007fefd3fa000 	C:\Windows\system32\KERNELBASE.dll
0x000007fefd440000 - 0x000007fefd51b000 	C:\Windows\system32\ADVAPI32.dll
0x000007fefddd0000 - 0x000007fefde6f000 	C:\Windows\system32\msvcrt.dll
0x000007fefdc20000 - 0x000007fefdc3f000 	C:\Windows\SYSTEM32\sechost.dll
0x000007fefd520000 - 0x000007fefd64d000 	C:\Windows\system32\RPCRT4.dll
0x0000000077180000 - 0x000000007727a000 	C:\Windows\system32\USER32.dll
0x000007fefe770000 - 0x000007fefe7d7000 	C:\Windows\system32\GDI32.dll
0x000007fefe2a0000 - 0x000007fefe2ae000 	C:\Windows\system32\LPK.dll
0x000007fefd650000 - 0x000007fefd71b000 	C:\Windows\system32\USP10.dll
0x000007fefbb10000 - 0x000007fefbd04000 	C:\Windows\WinSxS\amd64_microsoft.windows.common-controls_6595b64144ccf1df_6.0.7601.18837_none_fa3b1e3d17594757\COMCTL32.dll
0x000007fefe6f0000 - 0x000007fefe761000 	C:\Windows\system32\SHLWAPI.dll
0x000007fefe7e0000 - 0x000007fefe80e000 	C:\Windows\system32\IMM32.DLL
0x000007fefe810000 - 0x000007fefe919000 	C:\Windows\system32\MSCTF.dll
0x000007fefcf70000 - 0x000007fefcfde000 	C:\Windows\system32\dtrampo.dll
0x000007fef9720000 - 0x000007fef9723000 	C:\Windows\system32\api-ms-win-core-synch-l1-2-0.DLL
0x0000000070660000 - 0x0000000070732000 	D:\AndroidStudio\Android Studio\jre\jre\bin\msvcr100.dll
0x0000000061980000 - 0x00000000621bc000 	D:\AndroidStudio\Android Studio\jre\jre\bin\server\jvm.dll
0x000007fef95c0000 - 0x000007fef95c9000 	C:\Windows\system32\WSOCK32.dll
0x000007fefe070000 - 0x000007fefe0bd000 	C:\Windows\system32\WS2_32.dll
0x000007fefddc0000 - 0x000007fefddc8000 	C:\Windows\system32\NSI.dll
0x000007fefd350000 - 0x000007fefd38b000 	C:\Windows\system32\WINMM.dll
0x000007fefc050000 - 0x000007fefc05c000 	C:\Windows\system32\VERSION.dll
0x0000000077580000 - 0x0000000077587000 	C:\Windows\system32\PSAPI.DLL
0x000007fef4920000 - 0x000007fef492f000 	D:\AndroidStudio\Android Studio\jre\jre\bin\verify.dll
0x000007fef2e80000 - 0x000007fef2ea9000 	D:\AndroidStudio\Android Studio\jre\jre\bin\java.dll
0x000007fef44b0000 - 0x000007fef44c6000 	D:\AndroidStudio\Android Studio\jre\jre\bin\zip.dll
0x000007fefe920000 - 0x000007feff6aa000 	C:\Windows\system32\SHELL32.dll
0x000007fefde70000 - 0x000007fefe06c000 	C:\Windows\system32\ole32.dll
0x000007fefcfe0000 - 0x000007fefcfef000 	C:\Windows\system32\profapi.dll

VM Arguments:
jvm_args: -Djava.awt.headless=true -Xmx1024M -Dfile.encoding=GBK -Duser.country=CN -Duser.language=zh -Duser.variant 
java_command: com.android.dx.command.Main --dex --force-jumbo --num-threads=4 --multi-dex --output D:\prj\TrafficClient_init\TrafficClient\app\build\intermediates\transforms\dex\debug\folders\1000\10\support-v4-19.1.0_b16dda64f2fb7e99e725e057c19900b3d2c945c2 D:\AndroidStudio\sdk\extras\android\m2repository\com\android\support\support-v4\19.1.0\support-v4-19.1.0.jar
java_class_path (initial): D:\AndroidStudio\sdk\build-tools\25.0.0\lib\dx.jar
Launcher Type: SUN_STANDARD

Environment Variables:
PATH=C:\Python35\Scripts\;C:\Python35\;C:\ProgramData\Oracle\Java\javapath;C:\Windows\system32;C:\Windows;C:\Windows\System32\Wbem;C:\Windows\System32\WindowsPowerShell\v1.0\;C:\Program Files (x86)\ATI Technologies\ATI.ACE\Core-Static;D:\mysql57srv\bin;c:\Program Files (x86)\Microsoft SQL Server\100\Tools\Binn\;c:\Program Files\Microsoft SQL Server\100\Tools\Binn\;c:\Program Files\Microsoft SQL Server\100\DTS\Binn\;C:\Program Files (x86)\Microsoft SQL Server\100\Tools\Binn\VSShell\Common7\IDE\;C:\Program Files (x86)\Microsoft SQL Server\100\DTS\Binn\;C:\Program Files\TortoiseGit\bin;C:\Program Files (x86)\GitExtensions\;D:\eclipse\android-sdk-windows\tools;D:\eclipse\android-sdk-windows\platform-tools;C:\Program Files\dotnet\;C:\Program Files\nodejs\;C:\Program Files\Git\cmd;C:\Program Files\PuTTY\;C:\Program Files (x86)\SSH Communications Security\SSH Secure Shell;C:\Users\Administrator\AppData\Roaming\npm
USERNAME=Administrator
OS=Windows_NT
PROCESSOR_IDENTIFIER=Intel64 Family 6 Model 58 Stepping 9, GenuineIntel



---------------  S Y S T E M  ---------------

OS: Windows 7 , 64 bit Build 7601 (6.1.7601.23915)

CPU:total 4 (4 cores per cpu, 1 threads per core) family 6 model 58 stepping 9, cmov, cx8, fxsr, mmx, sse, sse2, sse3, ssse3, sse4.1, sse4.2, popcnt, avx, aes, clmul, erms, tsc, tscinvbit, tscinv

Memory: 4k page, physical 6244916k(912300k free), swap 8340208k(4012k free)

vm_info: OpenJDK 64-Bit Server VM (25.112-b06) for windows-amd64 JRE (1.8.0_112-release-b06), built on Dec  8 2016 00:54:26 by "builder" with MS VC++ 10.0 (VS2010)

time: Fri Jan 26 14:46:07 2018
elapsed time: 1 seconds (0d 0h 0m 1s)

