#
# There is insufficient memory for the Java Runtime Environment to continue.
# Native memory allocation (malloc) failed to allocate 131088 bytes for Chunk::new
# Possible reasons:
#   The system is out of physical RAM or swap space
#   In 32 bit mode, the process size limit was hit
# Possible solutions:
#   Reduce memory load on the system
#   Increase physical memory or swap space
#   Check if swap backing store is full
#   Use 64 bit Java on a 64 bit OS
#   Decrease Java heap size (-Xmx/-Xms)
#   Decrease number of Java threads
#   Decrease Java thread stack sizes (-Xss)
#   Set larger code cache with -XX:ReservedCodeCacheSize=
# This output file may be truncated or incomplete.
#
#  Out of Memory Error (allocation.cpp:390), pid=13672, tid=0x00000000000055d8
#
# JRE version: OpenJDK Runtime Environment (8.0_112-b06) (build 1.8.0_112-release-b06)
# Java VM: OpenJDK 64-Bit Server VM (25.112-b06 mixed mode windows-amd64 compressed oops)
# Failed to write core dump. Minidumps are not enabled by default on client versions of Windows
#

---------------  T H R E A D  ---------------

Current thread (0x000000005508f800):  JavaThread "C2 CompilerThread1" daemon [_thread_in_native, id=21976, stack(0x0000000056b50000,0x0000000056c50000)]

Stack: [0x0000000056b50000,0x0000000056c50000]
[error occurred during error reporting (printing stack bounds), id 0xc0000005]

Native frames: (J=compiled Java code, j=interpreted, Vv=VM code, C=native code)


Current CompileTask:
C2:   1821 1315       4       com.android.dx.ssa.SCCP::simulatePhi (169 bytes)


---------------  P R O C E S S  ---------------

Java Threads: ( => current thread )
  0x0000000056362000 JavaThread "pool-2-thread-4" [_thread_blocked, id=22224, stack(0x0000000057430000,0x0000000057530000)]
  0x000000005635e000 JavaThread "pool-2-thread-3" [_thread_blocked, id=22312, stack(0x00000000572f0000,0x00000000573f0000)]
  0x000000005635b800 JavaThread "pool-2-thread-2" [_thread_blocked, id=22372, stack(0x00000000571f0000,0x00000000572f0000)]
  0x0000000056350000 JavaThread "pool-3-thread-1" [_thread_blocked, id=22296, stack(0x00000000022f0000,0x00000000023f0000)]
  0x0000000056344800 JavaThread "pool-2-thread-1" [_thread_blocked, id=22392, stack(0x0000000057000000,0x0000000057100000)]
  0x00000000561f9000 JavaThread "Service Thread" daemon [_thread_blocked, id=22056, stack(0x0000000056e10000,0x0000000056f10000)]
  0x000000005616e000 JavaThread "C1 CompilerThread2" daemon [_thread_blocked, id=16124, stack(0x0000000056d00000,0x0000000056e00000)]
=>0x000000005508f800 JavaThread "C2 CompilerThread1" daemon [_thread_in_native, id=21976, stack(0x0000000056b50000,0x0000000056c50000)]
  0x000000005508b800 JavaThread "C2 CompilerThread0" daemon [_thread_blocked, id=19760, stack(0x00000000569a0000,0x0000000056aa0000)]
  0x0000000056158800 JavaThread "Attach Listener" daemon [_thread_blocked, id=16844, stack(0x00000000567e0000,0x00000000568e0000)]
  0x000000005507d000 JavaThread "Signal Dispatcher" daemon [_thread_blocked, id=22252, stack(0x0000000056570000,0x0000000056670000)]
  0x0000000055067800 JavaThread "Finalizer" daemon [_thread_blocked, id=21956, stack(0x0000000055de0000,0x0000000055ee0000)]
  0x0000000055020000 JavaThread "Reference Handler" daemon [_thread_blocked, id=21872, stack(0x0000000056050000,0x0000000056150000)]
  0x00000000022ee000 JavaThread "main" [_thread_blocked, id=7188, stack(0x0000000002600000,0x0000000002700000)]

Other Threads:
  0x0000000055018800 VMThread [stack: 0x0000000055f00000,0x0000000056000000] [id=11584]
  0x00000000561fa800 WatcherThread [stack: 0x00000000566e0000,0x00000000567e0000] [id=22232]

VM state:at safepoint (normal execution)

VM Mutex/Monitor currently owned by a thread:  ([mutex/lock_event])
[0x00000000022ec400] Threads_lock - owner thread: 0x0000000055018800
[0x00000000022ec900] Heap_lock - owner thread: 0x000000005635e000

Heap:
 PSYoungGen      total 28672K, used 28658K [0x00000000eab00000, 0x00000000ecb00000, 0x0000000100000000)
  eden space 24576K, 100% used [0x00000000eab00000,0x00000000ec300000,0x00000000ec300000)
  from space 4096K, 99% used [0x00000000ec300000,0x00000000ec6fcad8,0x00000000ec700000)
  to   space 4096K, 99% used [0x00000000ec700000,0x00000000ecafbc98,0x00000000ecb00000)
 ParOldGen       total 65536K, used 4367K [0x00000000c0000000, 0x00000000c4000000, 0x00000000eab00000)
  object space 65536K, 6% used [0x00000000c0000000,0x00000000c0443fe8,0x00000000c4000000)
 Metaspace       used 6029K, capacity 6960K, committed 7040K, reserved 1056768K
  class space    used 579K, capacity 616K, committed 640K, reserved 1048576K

Card table byte_map: [0x0000000011ac0000,0x0000000011cd0000] byte_map_base: 0x00000000114c0000

Marking Bits: (ParMarkBitMap*) 0x00000000621418f0
 Begin Bits: [0x0000000012490000, 0x0000000013490000)
 End Bits:   [0x0000000013490000, 0x0000000014490000)

Polling page: 0x0000000000120000

CodeCache: size=245760Kb used=5392Kb max_used=5408Kb free=240367Kb
 bounds [0x0000000002700000, 0x0000000002c50000, 0x0000000011700000]
 total_blobs=1600 nmethods=1329 adapters=184
 compilation: disabled (not enough contiguous free space left)

Compilation events (10 events):
Event: 1.746 Thread 0x000000005616e000 1334       3       com.android.dx.dex.file.EncodedMethod::<init> (68 bytes)
Event: 1.746 Thread 0x000000005616e000 nmethod 1334 0x0000000002c44410 code [0x0000000002c445a0, 0x0000000002c44a58]
Event: 1.746 Thread 0x000000005616e000 1336       3       com.android.dx.rop.type.Type::getInitializedType (42 bytes)
Event: 1.747 Thread 0x000000005616e000 nmethod 1336 0x0000000002c47e50 code [0x0000000002c48020, 0x0000000002c48818]
Event: 1.747 Thread 0x000000005616e000 1338   !   3       com.android.dx.cf.code.Ropper::processBlock (1101 bytes)
Event: 1.747 Thread 0x000000005508b800 1340   !   4       com.android.dx.ssa.LocalVariableInfo::setStarts (40 bytes)
Event: 1.748 Thread 0x000000005508b800 nmethod 1340 0x0000000002c44090 code [0x0000000002c441e0, 0x0000000002c442d8]
Event: 1.748 Thread 0x000000005508b800 1342       4       com.android.dx.ssa.SsaRenamer$BlockRenamer::process (191 bytes)
Event: 1.754 Thread 0x000000005616e000 

Event: 1.777 Thread 0x000000005508b800 


GC Heap History (3 events):
Event: 1.124 GC heap before
{Heap before GC invocations=1 (full 0):
 PSYoungGen      total 28672K, used 24576K [0x00000000eab00000, 0x00000000ecb00000, 0x0000000100000000)
  eden space 24576K, 100% used [0x00000000eab00000,0x00000000ec300000,0x00000000ec300000)
  from space 4096K, 0% used [0x00000000ec700000,0x00000000ec700000,0x00000000ecb00000)
  to   space 4096K, 0% used [0x00000000ec300000,0x00000000ec300000,0x00000000ec700000)
 ParOldGen       total 65536K, used 0K [0x00000000c0000000, 0x00000000c4000000, 0x00000000eab00000)
  object space 65536K, 0% used [0x00000000c0000000,0x00000000c0000000,0x00000000c4000000)
 Metaspace       used 5793K, capacity 6768K, committed 7040K, reserved 1056768K
  class space    used 578K, capacity 616K, committed 640K, reserved 1048576K
Event: 1.177 GC heap after
Heap after GC invocations=1 (full 0):
 PSYoungGen      total 28672K, used 4082K [0x00000000eab00000, 0x00000000ecb00000, 0x0000000100000000)
  eden space 24576K, 0% used [0x00000000eab00000,0x00000000eab00000,0x00000000ec300000)
  from space 4096K, 99% used [0x00000000ec300000,0x00000000ec6fcad8,0x00000000ec700000)
  to   space 4096K, 0% used [0x00000000ec700000,0x00000000ec700000,0x00000000ecb00000)
 ParOldGen       total 65536K, used 1695K [0x00000000c0000000, 0x00000000c4000000, 0x00000000eab00000)
  object space 65536K, 2% used [0x00000000c0000000,0x00000000c01a7fe8,0x00000000c4000000)
 Metaspace       used 5793K, capacity 6768K, committed 7040K, reserved 1056768K
  class space    used 578K, capacity 616K, committed 640K, reserved 1048576K
}
Event: 1.808 GC heap before
{Heap before GC invocations=2 (full 0):
 PSYoungGen      total 28672K, used 28658K [0x00000000eab00000, 0x00000000ecb00000, 0x0000000100000000)
  eden space 24576K, 100% used [0x00000000eab00000,0x00000000ec300000,0x00000000ec300000)
  from space 4096K, 99% used [0x00000000ec300000,0x00000000ec6fcad8,0x00000000ec700000)
  to   space 4096K, 0% used [0x00000000ec700000,0x00000000ec700000,0x00000000ecb00000)
 ParOldGen       total 65536K, used 1695K [0x00000000c0000000, 0x00000000c4000000, 0x00000000eab00000)
  object space 65536K, 2% used [0x00000000c0000000,0x00000000c01a7fe8,0x00000000c4000000)
 Metaspace       used 6029K, capacity 6960K, committed 7040K, reserved 1056768K
  class space    used 579K, capacity 616K, committed 640K, reserved 1048576K

Deoptimization events (10 events):
Event: 0.635 Thread 0x0000000056362000 Uncommon trap: reason=unstable_if action=reinterpret pc=0x0000000002919b60 method=java.util.BitSet.nextSetBit(I)I @ 87
Event: 1.199 Thread 0x00000000022ee000 Uncommon trap: reason=class_check action=maybe_recompile pc=0x0000000002a695e4 method=com.android.dx.ssa.NormalSsaInsn.accept(Lcom/android/dx/ssa/SsaInsn$Visitor;)V @ 9
Event: 1.199 Thread 0x00000000022ee000 Uncommon trap: reason=class_check action=maybe_recompile pc=0x0000000002a695e4 method=com.android.dx.ssa.NormalSsaInsn.accept(Lcom/android/dx/ssa/SsaInsn$Visitor;)V @ 9
Event: 1.200 Thread 0x00000000022ee000 Uncommon trap: reason=class_check action=maybe_recompile pc=0x0000000002a695e4 method=com.android.dx.ssa.NormalSsaInsn.accept(Lcom/android/dx/ssa/SsaInsn$Visitor;)V @ 9
Event: 1.200 Thread 0x00000000022ee000 Uncommon trap: reason=class_check action=maybe_recompile pc=0x0000000002a695e4 method=com.android.dx.ssa.NormalSsaInsn.accept(Lcom/android/dx/ssa/SsaInsn$Visitor;)V @ 9
Event: 1.456 Thread 0x00000000022ee000 Uncommon trap: reason=unstable_if action=reinterpret pc=0x00000000028dc3e0 method=java.lang.String.<init>([CII)V @ 18
Event: 1.476 Thread 0x000000005635e000 Uncommon trap: reason=bimorphic action=maybe_recompile pc=0x0000000002b472b8 method=com.android.dx.ssa.SCCP.simulatePhi(Lcom/android/dx/ssa/PhiInsn;)V @ 124
Event: 1.476 Thread 0x000000005635e000 Uncommon trap: reason=bimorphic action=maybe_recompile pc=0x0000000002b472b8 method=com.android.dx.ssa.SCCP.simulatePhi(Lcom/android/dx/ssa/PhiInsn;)V @ 124
Event: 1.476 Thread 0x000000005635e000 Uncommon trap: reason=bimorphic action=maybe_recompile pc=0x0000000002b472b8 method=com.android.dx.ssa.SCCP.simulatePhi(Lcom/android/dx/ssa/PhiInsn;)V @ 124
Event: 1.668 Thread 0x0000000056362000 Uncommon trap: reason=bimorphic action=maybe_recompile pc=0x0000000002b472b8 method=com.android.dx.ssa.SCCP.simulatePhi(Lcom/android/dx/ssa/PhiInsn;)V @ 124

Internal exceptions (2 events):
Event: 0.054 Thread 0x00000000022ee000 Exception <a 'java/lang/NoSuchMethodError': Method sun.misc.Unsafe.defineClass(Ljava/lang/String;[BII)Ljava/lang/Class; name or signature does not match> (0x00000000eab07c78) thrown at [C:\src\android\AOSP-openjdk\external\jetbrains\jdk\hotspot\src\share\v!µXOŸ«?
Event: 0.054 Thread 0x00000000022ee000 Exception <a 'java/lang/NoSuchMethodError': Method sun.misc.Unsafe.prefetchRead(Ljava/lang/Object;J)V name or signature does not match> (0x00000000eab07f60) thrown at [C:\src\android\AOSP-openjdk\external\jetbrains\jdk\hotspot\src\share\vm\prims\jni.cpp, l

Events (10 events):
Event: 1.605 Thread 0x0000000056362000 DEOPT PACKING pc=0x0000000002aa4b2b sp=0x000000005752eeb0
Event: 1.605 Thread 0x0000000056362000 DEOPT UNPACKING pc=0x00000000027475bf sp=0x000000005752ec48 mode 0
Event: 1.668 Thread 0x0000000056362000 Uncommon trap: trap_request=0xffffffc6 fr.pc=0x0000000002b472b8
Event: 1.668 Thread 0x0000000056362000 DEOPT PACKING pc=0x0000000002b472b8 sp=0x000000005752ee60
Event: 1.668 Thread 0x0000000056362000 DEOPT UNPACKING pc=0x000000000274556a sp=0x000000005752ee18 mode 2
Event: 1.697 Executing VM operation: ForceSafepoint
Event: 1.697 Executing VM operation: ForceSafepoint done
Event: 1.748 Thread 0x0000000056362000 DEOPT PACKING pc=0x00000000029b6f43 sp=0x000000005752ed60
Event: 1.748 Thread 0x0000000056362000 DEOPT UNPACKING pc=0x00000000027475bf sp=0x000000005752eb28 mode 0
Event: 1.808 Executing VM operation: ParallelGCFailedAllocation


Dynamic libraries:
0x000000013fef0000 - 0x000000013ff21000 	D:\AndroidStudio\Android Studio\jre\bin\java.exe
0x00000000773c0000 - 0x000000007756a000 	C:\Windows\SYSTEM32\ntdll.dll
0x0000000077060000 - 0x000000007717f000 	C:\Windows\system32\kernel32.dll
0x000007fefd390000 - 0x000007fefd3fa000 	C:\Windows\system32\KERNELBASE.dll
0x000007fefd440000 - 0x000007fefd51b000 	C:\Windows\system32\ADVAPI32.dll
0x000007fefddd0000 - 0x000007fefde6f000 	C:\Windows\system32\msvcrt.dll
0x000007fefdc20000 - 0x000007fefdc3f000 	C:\Windows\SYSTEM32\sechost.dll
0x000007fefd520000 - 0x000007fefd64d000 	C:\Windows\system32\RPCRT4.dll
0x0000000077180000 - 0x000000007727a000 	C:\Windows\system32\USER32.dll
0x000007fefe770000 - 0x000007fefe7d7000 	C:\Windows\system32\GDI32.dll
0x000007fefe2a0000 - 0x000007fefe2ae000 	C:\Windows\system32\LPK.dll
0x000007fefd650000 - 0x000007fefd71b000 	C:\Windows\system32\USP10.dll
0x000007fefbb10000 - 0x000007fefbd04000 	C:\Windows\WinSxS\amd64_microsoft.windows.common-controls_6595b64144ccf1df_6.0.7601.18837_none_fa3b1e3d17594757\COMCTL32.dll
0x000007fefe6f0000 - 0x000007fefe761000 	C:\Windows\system32\SHLWAPI.dll
0x000007fefe7e0000 - 0x000007fefe80e000 	C:\Windows\system32\IMM32.DLL
0x000007fefe810000 - 0x000007fefe919000 	C:\Windows\system32\MSCTF.dll
0x000007fefcf70000 - 0x000007fefcfde000 	C:\Windows\system32\dtrampo.dll
0x000007fef9720000 - 0x000007fef9723000 	C:\Windows\system32\api-ms-win-core-synch-l1-2-0.DLL
0x0000000070660000 - 0x0000000070732000 	D:\AndroidStudio\Android Studio\jre\jre\bin\msvcr100.dll
0x0000000061980000 - 0x00000000621bc000 	D:\AndroidStudio\Android Studio\jre\jre\bin\server\jvm.dll
0x000007fef95c0000 - 0x000007fef95c9000 	C:\Windows\system32\WSOCK32.dll
0x000007fefe070000 - 0x000007fefe0bd000 	C:\Windows\system32\WS2_32.dll
0x000007fefddc0000 - 0x000007fefddc8000 	C:\Windows\system32\NSI.dll
0x000007fefd350000 - 0x000007fefd38b000 	C:\Windows\system32\WINMM.dll
0x000007fefc050000 - 0x000007fefc05c000 	C:\Windows\system32\VERSION.dll
0x0000000077580000 - 0x0000000077587000 	C:\Windows\system32\PSAPI.DLL
0x000007fef4920000 - 0x000007fef492f000 	D:\AndroidStudio\Android Studio\jre\jre\bin\verify.dll
0x000007fef2e80000 - 0x000007fef2ea9000 	D:\AndroidStudio\Android Studio\jre\jre\bin\java.dll
0x000007fef44b0000 - 0x000007fef44c6000 	D:\AndroidStudio\Android Studio\jre\jre\bin\zip.dll
0x000007fefe920000 - 0x000007feff6aa000 	C:\Windows\system32\SHELL32.dll
0x000007fefde70000 - 0x000007fefe06c000 	C:\Windows\system32\ole32.dll
0x000007fefcfe0000 - 0x000007fefcfef000 	C:\Windows\system32\profapi.dll

VM Arguments:
jvm_args: -Djava.awt.headless=true -Xmx1024M -Dfile.encoding=GBK -Duser.country=CN -Duser.language=zh -Duser.variant 
java_command: com.android.dx.command.Main --dex --force-jumbo --num-threads=4 --multi-dex --output D:\prj\TrafficClient_init\TrafficClient\app\build\intermediates\transforms\dex\debug\folders\1000\2\volley_2201cb427911adba5141d3a537f74feff9863328 D:\prj\TrafficClient_init\TrafficClient\app\libs\volley.jar
java_class_path (initial): D:\AndroidStudio\sdk\build-tools\25.0.0\lib\dx.jar
Launcher Type: SUN_STANDARD

Environment Variables:
PATH=C:\Python35\Scripts\;C:\Python35\;C:\ProgramData\Oracle\Java\javapath;C:\Windows\system32;C:\Windows;C:\Windows\System32\Wbem;C:\Windows\System32\WindowsPowerShell\v1.0\;C:\Program Files (x86)\ATI Technologies\ATI.ACE\Core-Static;D:\mysql57srv\bin;c:\Program Files (x86)\Microsoft SQL Server\100\Tools\Binn\;c:\Program Files\Microsoft SQL Server\100\Tools\Binn\;c:\Program Files\Microsoft SQL Server\100\DTS\Binn\;C:\Program Files (x86)\Microsoft SQL Server\100\Tools\Binn\VSShell\Common7\IDE\;C:\Program Files (x86)\Microsoft SQL Server\100\DTS\Binn\;C:\Program Files\TortoiseGit\bin;C:\Program Files (x86)\GitExtensions\;D:\eclipse\android-sdk-windows\tools;D:\eclipse\android-sdk-windows\platform-tools;C:\Program Files\dotnet\;C:\Program Files\nodejs\;C:\Program Files\Git\cmd;C:\Program Files\PuTTY\;C:\Program Files (x86)\SSH Communications Security\SSH Secure Shell;C:\Users\Administrator\AppData\Roaming\npm
USERNAME=Administrator
OS=Windows_NT
PROCESSOR_IDENTIFIER=Intel64 Family 6 Model 58 Stepping 9, GenuineIntel



---------------  S Y S T E M  ---------------

OS: Windows 7 , 64 bit Build 7601 (6.1.7601.23915)

CPU:total 4 (4 cores per cpu, 1 threads per core) family 6 model 58 stepping 9, cmov, cx8, fxsr, mmx, sse, sse2, sse3, ssse3, sse4.1, sse4.2, popcnt, avx, aes, clmul, erms, tsc, tscinvbit, tscinv

Memory: 4k page, physical 6244916k(912296k free), swap 8340208k(4012k free)

vm_info: OpenJDK 64-Bit Server VM (25.112-b06) for windows-amd64 JRE (1.8.0_112-release-b06), built on Dec  8 2016 00:54:26 by "builder" with MS VC++ 10.0 (VS2010)

time: Fri Jan 26 14:46:07 2018
elapsed time: 1 seconds (0d 0h 0m 1s)

