#
# There is insufficient memory for the Java Runtime Environment to continue.
# Native memory allocation (malloc) failed to allocate 65552 bytes for Chunk::new
# Possible reasons:
#   The system is out of physical RAM or swap space
#   In 32 bit mode, the process size limit was hit
# Possible solutions:
#   Reduce memory load on the system
#   Increase physical memory or swap space
#   Check if swap backing store is full
#   Use 64 bit Java on a 64 bit OS
#   Decrease Java heap size (-Xmx/-Xms)
#   Decrease number of Java threads
#   Decrease Java thread stack sizes (-Xss)
#   Set larger code cache with -XX:ReservedCodeCacheSize=
# This output file may be truncated or incomplete.
#
#  Out of Memory Error (allocation.cpp:390), pid=22276, tid=0x00000000000056e8
#
# JRE version: OpenJDK Runtime Environment (8.0_112-b06) (build 1.8.0_112-release-b06)
# Java VM: OpenJDK 64-Bit Server VM (25.112-b06 mixed mode windows-amd64 compressed oops)
# Failed to write core dump. Minidumps are not enabled by default on client versions of Windows
#

---------------  T H R E A D  ---------------

Current thread (0x0000000056690800):  JavaThread "C2 CompilerThread0" daemon [_thread_in_native, id=22248, stack(0x0000000056ed0000,0x0000000056fd0000)]

Stack: [0x0000000056ed0000,0x0000000056fd0000]
[error occurred during error reporting (printing stack bounds), id 0xc0000005]

Native frames: (J=compiled Java code, j=interpreted, Vv=VM code, C=native code)


Current CompileTask:
C2:   1826 1180       4       com.android.dx.ssa.back.FirstFitLocalCombiningAllocator$1::visitNonMoveInsn (6 bytes)


---------------  P R O C E S S  ---------------

Java Threads: ( => current thread )
  0x000000005684d000 JavaThread "pool-1-thread-1" [_thread_in_vm, id=22100, stack(0x00000000576a0000,0x00000000577a0000)]
  0x00000000566e3000 JavaThread "Service Thread" daemon [_thread_blocked, id=20520, stack(0x0000000057360000,0x0000000057460000)]
  0x00000000566df800 JavaThread "C1 CompilerThread2" daemon [_thread_in_native, id=21812, stack(0x0000000057230000,0x0000000057330000)]
  0x000000005513a000 JavaThread "C2 CompilerThread1" daemon [_thread_in_native, id=1996, stack(0x00000000570b0000,0x00000000571b0000)]
=>0x0000000056690800 JavaThread "C2 CompilerThread0" daemon [_thread_in_native, id=22248, stack(0x0000000056ed0000,0x0000000056fd0000)]
  0x000000005667c800 JavaThread "Attach Listener" daemon [_thread_blocked, id=22108, stack(0x0000000056cf0000,0x0000000056df0000)]
  0x000000005512b000 JavaThread "Signal Dispatcher" daemon [_thread_blocked, id=17144, stack(0x0000000056ad0000,0x0000000056bd0000)]
  0x0000000055117800 JavaThread "Finalizer" daemon [_thread_blocked, id=21788, stack(0x0000000056570000,0x0000000056670000)]
  0x00000000550d0000 JavaThread "Reference Handler" daemon [_thread_blocked, id=21536, stack(0x0000000056320000,0x0000000056420000)]
  0x000000000235e000 JavaThread "main" [_thread_blocked, id=22440, stack(0x00000000023f0000,0x00000000024f0000)]

Other Threads:
  0x00000000550c8800 VMThread [stack: 0x0000000056140000,0x0000000056240000] [id=19340]
  0x00000000566e4800 WatcherThread [stack: 0x0000000057580000,0x0000000057680000] [id=21912]

VM state:not at safepoint (normal execution)

VM Mutex/Monitor currently owned by a thread: None

Heap:
 PSYoungGen      total 28672K, used 21568K [0x00000000eab00000, 0x00000000ee300000, 0x0000000100000000)
  eden space 24576K, 71% used [0x00000000eab00000,0x00000000ebc110f0,0x00000000ec300000)
  from space 4096K, 99% used [0x00000000ec300000,0x00000000ec6ff278,0x00000000ec700000)
  to   space 4096K, 0% used [0x00000000edf00000,0x00000000edf00000,0x00000000ee300000)
 ParOldGen       total 65536K, used 1019K [0x00000000c0000000, 0x00000000c4000000, 0x00000000eab00000)
  object space 65536K, 1% used [0x00000000c0000000,0x00000000c00feed8,0x00000000c4000000)
 Metaspace       used 6137K, capacity 7024K, committed 7296K, reserved 1056768K
  class space    used 595K, capacity 616K, committed 640K, reserved 1048576K

Card table byte_map: [0x0000000011960000,0x0000000011b70000] byte_map_base: 0x0000000011360000

Marking Bits: (ParMarkBitMap*) 0x00000000621418f0
 Begin Bits: [0x0000000012540000, 0x0000000013540000)
 End Bits:   [0x0000000013540000, 0x0000000014540000)

Polling page: 0x0000000000120000

CodeCache: size=245760Kb used=5026Kb max_used=5026Kb free=240733Kb
 bounds [0x00000000025a0000, 0x0000000002a90000, 0x00000000115a0000]
 total_blobs=1619 nmethods=1349 adapters=184
 compilation: enabled

Compilation events (10 events):
Event: 1.822 Thread 0x00000000566df800 1372       2       com.android.dx.dex.code.form.Form11x::isCompatible (40 bytes)
Event: 1.822 Thread 0x00000000566df800 nmethod 1372 0x0000000002a87dd0 code [0x0000000002a87f40, 0x0000000002a88188]
Event: 1.822 Thread 0x00000000566df800 1373       2       com.android.dx.dex.code.LocalList$MakeState::add (75 bytes)
Event: 1.822 Thread 0x00000000566df800 nmethod 1373 0x0000000002a88310 code [0x0000000002a884e0, 0x0000000002a88a18]
Event: 1.823 Thread 0x00000000566df800 1374       2       com.android.dx.dex.code.form.Form21c::isCompatible (150 bytes)
Event: 1.823 Thread 0x00000000566df800 nmethod 1374 0x0000000002a89050 code [0x0000000002a89200, 0x0000000002a896d8]
Event: 1.823 Thread 0x00000000566df800 1375       2       com.android.dx.dex.code.LocalList::set (7 bytes)
Event: 1.823 Thread 0x00000000566df800 nmethod 1375 0x0000000002a89a50 code [0x0000000002a89c00, 0x0000000002a8a068]
Event: 1.824 Thread 0x00000000566df800 1376       1       com.android.dx.dex.code.LocalList$Entry::getAddress (5 bytes)
Event: 1.824 Thread 0x00000000566df800 nmethod 1376 0x0000000002a8a590 code [0x0000000002a8a6e0, 0x0000000002a8a7f0]

GC Heap History (2 events):
Event: 0.883 GC heap before
{Heap before GC invocations=1 (full 0):
 PSYoungGen      total 28672K, used 24576K [0x00000000eab00000, 0x00000000ecb00000, 0x0000000100000000)
  eden space 24576K, 100% used [0x00000000eab00000,0x00000000ec300000,0x00000000ec300000)
  from space 4096K, 0% used [0x00000000ec700000,0x00000000ec700000,0x00000000ecb00000)
  to   space 4096K, 0% used [0x00000000ec300000,0x00000000ec300000,0x00000000ec700000)
 ParOldGen       total 65536K, used 0K [0x00000000c0000000, 0x00000000c4000000, 0x00000000eab00000)
  object space 65536K, 0% used [0x00000000c0000000,0x00000000c0000000,0x00000000c4000000)
 Metaspace       used 5668K, capacity 6640K, committed 6784K, reserved 1056768K
  class space    used 574K, capacity 616K, committed 640K, reserved 1048576K
Event: 0.892 GC heap after
Heap after GC invocations=1 (full 0):
 PSYoungGen      total 28672K, used 4092K [0x00000000eab00000, 0x00000000ee300000, 0x0000000100000000)
  eden space 24576K, 0% used [0x00000000eab00000,0x00000000eab00000,0x00000000ec300000)
  from space 4096K, 99% used [0x00000000ec300000,0x00000000ec6ff278,0x00000000ec700000)
  to   space 4096K, 0% used [0x00000000edf00000,0x00000000edf00000,0x00000000ee300000)
 ParOldGen       total 65536K, used 1019K [0x00000000c0000000, 0x00000000c4000000, 0x00000000eab00000)
  object space 65536K, 1% used [0x00000000c0000000,0x00000000c00feed8,0x00000000c4000000)
 Metaspace       used 5668K, capacity 6640K, committed 6784K, reserved 1056768K
  class space    used 574K, capacity 616K, committed 640K, reserved 1048576K
}

Deoptimization events (10 events):
Event: 1.776 Thread 0x000000005684d000 Uncommon trap: reason=class_check action=maybe_recompile pc=0x00000000028f9280 method=java.util.HashMap.putVal(ILjava/lang/Object;Ljava/lang/Object;ZZ)Ljava/lang/Object; @ 203
Event: 1.778 Thread 0x000000005684d000 Uncommon trap: reason=unstable_if action=reinterpret pc=0x00000000028f8d38 method=java.util.HashMap.putVal(ILjava/lang/Object;Ljava/lang/Object;ZZ)Ljava/lang/Object; @ 94
Event: 1.790 Thread 0x000000005684d000 Uncommon trap: reason=bimorphic action=maybe_recompile pc=0x00000000027cadb8 method=java.util.HashMap.getNode(ILjava/lang/Object;)Ljava/util/HashMap$Node; @ 126
Event: 1.790 Thread 0x000000005684d000 Uncommon trap: reason=bimorphic action=maybe_recompile pc=0x00000000027cadb8 method=java.util.HashMap.getNode(ILjava/lang/Object;)Ljava/util/HashMap$Node; @ 126
Event: 1.790 Thread 0x000000005684d000 Uncommon trap: reason=bimorphic action=maybe_recompile pc=0x00000000027cadb8 method=java.util.HashMap.getNode(ILjava/lang/Object;)Ljava/util/HashMap$Node; @ 126
Event: 1.790 Thread 0x000000005684d000 Uncommon trap: reason=bimorphic action=maybe_recompile pc=0x00000000027aa010 method=java.util.HashMap.getNode(ILjava/lang/Object;)Ljava/util/HashMap$Node; @ 126
Event: 1.799 Thread 0x000000005684d000 Uncommon trap: reason=class_check action=maybe_recompile pc=0x00000000028fee08 method=java.util.Arrays.equals([Ljava/lang/Object;[Ljava/lang/Object;)Z @ 62
Event: 1.799 Thread 0x000000005684d000 Uncommon trap: reason=class_check action=maybe_recompile pc=0x00000000028fee08 method=java.util.Arrays.equals([Ljava/lang/Object;[Ljava/lang/Object;)Z @ 62
Event: 1.800 Thread 0x000000005684d000 Uncommon trap: reason=class_check action=maybe_recompile pc=0x00000000028fee08 method=java.util.Arrays.equals([Ljava/lang/Object;[Ljava/lang/Object;)Z @ 62
Event: 1.800 Thread 0x000000005684d000 Uncommon trap: reason=class_check action=maybe_recompile pc=0x00000000028fee08 method=java.util.Arrays.equals([Ljava/lang/Object;[Ljava/lang/Object;)Z @ 62

Internal exceptions (3 events):
Event: 0.060 Thread 0x000000000235e000 Exception <a 'java/lang/NoSuchMethodError': Method sun.misc.Unsafe.defineClass(Ljava/lang/String;[BII)Ljava/lang/Class; name or signature does not match> (0x00000000eab07c78) thrown at [C:\src\android\AOSP-openjdk\external\jetbrains\jdk\hotspot\src\share\v9`[)…±®?
Event: 0.060 Thread 0x000000000235e000 Exception <a 'java/lang/NoSuchMethodError': Method sun.misc.Unsafe.prefetchRead(Ljava/lang/Object;J)V name or signature does not match> (0x00000000eab07f60) thrown at [C:\src\android\AOSP-openjdk\external\jetbrains\jdk\hotspot\src\share\vm\prims\jni.cpp, lwº¢M}ë?
Event: 0.859 Thread 0x000000005684d000 Implicit null exception at 0x000000000285bff8 to 0x000000000285e8ad

Events (10 events):
Event: 1.800 Thread 0x000000005684d000 DEOPT UNPACKING pc=0x00000000025e556a sp=0x000000005779e8c0 mode 2
Event: 1.800 Thread 0x000000005684d000 Uncommon trap: trap_request=0xffffffde fr.pc=0x00000000028fee08
Event: 1.800 Thread 0x000000005684d000 DEOPT PACKING pc=0x00000000028fee08 sp=0x000000005779e930
Event: 1.800 Thread 0x000000005684d000 DEOPT UNPACKING pc=0x00000000025e556a sp=0x000000005779e8c0 mode 2
Event: 1.800 loading class com/android/dx/dex/code/CatchTable$Entry
Event: 1.800 loading class com/android/dx/dex/code/CatchTable$Entry done
Event: 1.800 loading class com/android/dx/util/ByteArrayAnnotatedOutput
Event: 1.800 loading class com/android/dx/util/ByteArrayAnnotatedOutput done
Event: 1.824 loading class com/android/dx/rop/code/RegisterSpecList$Expander
Event: 1.824 loading class com/android/dx/rop/code/RegisterSpecList$Expander done


Dynamic libraries:
0x000000013fef0000 - 0x000000013ff21000 	D:\AndroidStudio\Android Studio\jre\bin\java.exe
0x00000000773c0000 - 0x000000007756a000 	C:\Windows\SYSTEM32\ntdll.dll
0x0000000077060000 - 0x000000007717f000 	C:\Windows\system32\kernel32.dll
0x000007fefd390000 - 0x000007fefd3fa000 	C:\Windows\system32\KERNELBASE.dll
0x000007fefd440000 - 0x000007fefd51b000 	C:\Windows\system32\ADVAPI32.dll
0x000007fefddd0000 - 0x000007fefde6f000 	C:\Windows\system32\msvcrt.dll
0x000007fefdc20000 - 0x000007fefdc3f000 	C:\Windows\SYSTEM32\sechost.dll
0x000007fefd520000 - 0x000007fefd64d000 	C:\Windows\system32\RPCRT4.dll
0x0000000077180000 - 0x000000007727a000 	C:\Windows\system32\USER32.dll
0x000007fefe770000 - 0x000007fefe7d7000 	C:\Windows\system32\GDI32.dll
0x000007fefe2a0000 - 0x000007fefe2ae000 	C:\Windows\system32\LPK.dll
0x000007fefd650000 - 0x000007fefd71b000 	C:\Windows\system32\USP10.dll
0x000007fefbb10000 - 0x000007fefbd04000 	C:\Windows\WinSxS\amd64_microsoft.windows.common-controls_6595b64144ccf1df_6.0.7601.18837_none_fa3b1e3d17594757\COMCTL32.dll
0x000007fefe6f0000 - 0x000007fefe761000 	C:\Windows\system32\SHLWAPI.dll
0x000007fefe7e0000 - 0x000007fefe80e000 	C:\Windows\system32\IMM32.DLL
0x000007fefe810000 - 0x000007fefe919000 	C:\Windows\system32\MSCTF.dll
0x000007fefcf70000 - 0x000007fefcfde000 	C:\Windows\system32\dtrampo.dll
0x000007fef9720000 - 0x000007fef9723000 	C:\Windows\system32\api-ms-win-core-synch-l1-2-0.DLL
0x0000000070660000 - 0x0000000070732000 	D:\AndroidStudio\Android Studio\jre\jre\bin\msvcr100.dll
0x0000000061980000 - 0x00000000621bc000 	D:\AndroidStudio\Android Studio\jre\jre\bin\server\jvm.dll
0x000007fef95c0000 - 0x000007fef95c9000 	C:\Windows\system32\WSOCK32.dll
0x000007fefe070000 - 0x000007fefe0bd000 	C:\Windows\system32\WS2_32.dll
0x000007fefddc0000 - 0x000007fefddc8000 	C:\Windows\system32\NSI.dll
0x000007fefd350000 - 0x000007fefd38b000 	C:\Windows\system32\WINMM.dll
0x000007fefc050000 - 0x000007fefc05c000 	C:\Windows\system32\VERSION.dll
0x0000000077580000 - 0x0000000077587000 	C:\Windows\system32\PSAPI.DLL
0x000007fef4920000 - 0x000007fef492f000 	D:\AndroidStudio\Android Studio\jre\jre\bin\verify.dll
0x000007fef2e80000 - 0x000007fef2ea9000 	D:\AndroidStudio\Android Studio\jre\jre\bin\java.dll
0x000007fef44b0000 - 0x000007fef44c6000 	D:\AndroidStudio\Android Studio\jre\jre\bin\zip.dll
0x000007fefe920000 - 0x000007feff6aa000 	C:\Windows\system32\SHELL32.dll
0x000007fefde70000 - 0x000007fefe06c000 	C:\Windows\system32\ole32.dll
0x000007fefcfe0000 - 0x000007fefcfef000 	C:\Windows\system32\profapi.dll

VM Arguments:
jvm_args: -Djava.awt.headless=true -Xmx1024M -Dfile.encoding=GBK -Duser.country=CN -Duser.language=zh -Duser.variant 
java_command: com.android.dx.command.Main --dex --force-jumbo --num-threads=4 --multi-dex --output D:\prj\TrafficClient_init\TrafficClient\app\build\intermediates\transforms\dex\debug\folders\1000\10000\instant-run_66b386999c3717dcdfe4d65d5af95fae92dcd7d2 D:\prj\TrafficClient_init\TrafficClient\app\build\intermediates\incremental-runtime-classes\debug\instant-run.jar
java_class_path (initial): D:\AndroidStudio\sdk\build-tools\25.0.0\lib\dx.jar
Launcher Type: SUN_STANDARD

Environment Variables:
PATH=C:\Python35\Scripts\;C:\Python35\;C:\ProgramData\Oracle\Java\javapath;C:\Windows\system32;C:\Windows;C:\Windows\System32\Wbem;C:\Windows\System32\WindowsPowerShell\v1.0\;C:\Program Files (x86)\ATI Technologies\ATI.ACE\Core-Static;D:\mysql57srv\bin;c:\Program Files (x86)\Microsoft SQL Server\100\Tools\Binn\;c:\Program Files\Microsoft SQL Server\100\Tools\Binn\;c:\Program Files\Microsoft SQL Server\100\DTS\Binn\;C:\Program Files (x86)\Microsoft SQL Server\100\Tools\Binn\VSShell\Common7\IDE\;C:\Program Files (x86)\Microsoft SQL Server\100\DTS\Binn\;C:\Program Files\TortoiseGit\bin;C:\Program Files (x86)\GitExtensions\;D:\eclipse\android-sdk-windows\tools;D:\eclipse\android-sdk-windows\platform-tools;C:\Program Files\dotnet\;C:\Program Files\nodejs\;C:\Program Files\Git\cmd;C:\Program Files\PuTTY\;C:\Program Files (x86)\SSH Communications Security\SSH Secure Shell;C:\Users\Administrator\AppData\Roaming\npm
USERNAME=Administrator
OS=Windows_NT
PROCESSOR_IDENTIFIER=Intel64 Family 6 Model 58 Stepping 9, GenuineIntel



---------------  S Y S T E M  ---------------

OS: Windows 7 , 64 bit Build 7601 (6.1.7601.23915)

CPU:total 4 (4 cores per cpu, 1 threads per core) family 6 model 58 stepping 9, cmov, cx8, fxsr, mmx, sse, sse2, sse3, ssse3, sse4.1, sse4.2, popcnt, avx, aes, clmul, erms, tsc, tscinvbit, tscinv

Memory: 4k page, physical 6244916k(912296k free), swap 8340208k(4012k free)

vm_info: OpenJDK 64-Bit Server VM (25.112-b06) for windows-amd64 JRE (1.8.0_112-release-b06), built on Dec  8 2016 00:54:26 by "builder" with MS VC++ 10.0 (VS2010)

time: Fri Jan 26 14:46:07 2018
elapsed time: 1 seconds (0d 0h 0m 1s)

