Native frames: (J=compiled Java code, j=interpreted, Vv=VM code, C=native code)


Current CompileTask:
C2:   2720  965       4       com.android.dx.ssa.NormalSsaInsn::mapSourceRegisters (48 bytes)


---------------  P R O C E S S  ---------------

Java Threads: ( => current thread )
  0x00000000566f8000 JavaThread "pool-2-thread-4" [_thread_in_vm, id=22440, stack(0x0000000057340000,0x0000000057440000)]
  0x00000000566f7800 JavaThread "pool-2-thread-3" [_thread_blocked, id=22224, stack(0x0000000057620000,0x0000000057720000)]
  0x00000000566f6000 JavaThread "pool-2-thread-2" [_thread_in_vm, id=22468, stack(0x00000000574f0000,0x00000000575f0000)]
  0x00000000565da000 JavaThread "pool-3-thread-1" [_thread_blocked, id=21636, stack(0x0000000057240000,0x0000000057340000)]
  0x00000000565d9800 JavaThread "pool-2-thread-1" [_thread_in_Java, id=22228, stack(0x0000000057140000,0x0000000057240000)]
  0x0000000056443000 JavaThread "Service Thread" daemon [_thread_blocked, id=21812, stack(0x0000000056e60000,0x0000000056f60000)]
  0x000000005643c800 JavaThread "C1 CompilerThread2" daemon [_thread_blocked, id=22160, stack(0x0000000056170000,0x0000000056270000)]
=>0x0000000054f7f800 JavaThread "C2 CompilerThread1" daemon [_thread_in_native, id=18864, stack(0x0000000056d30000,0x0000000056e30000)]
  0x0000000054f7b000 JavaThread "C2 CompilerThread0" daemon [_thread_blocked, id=21624, stack(0x0000000056b70000,0x0000000056c70000)]
  0x0000000056428800 JavaThread "Attach Listener" daemon [_thread_blocked, id=21576, stack(0x00000000569c0000,0x0000000056ac0000)]
  0x0000000054f6d800 JavaThread "Signal Dispatcher" daemon [_thread_blocked, id=12596, stack(0x0000000056890000,0x0000000056990000)]
  0x0000000054f57800 JavaThread "Finalizer" daemon [_thread_blocked, id=11584, stack(0x0000000056320000,0x0000000056420000)]
  0x0000000054f10000 JavaThread "Reference Handler" daemon [_thread_blocked, id=21976, stack(0x0000000056070000,0x0000000056170000)]
  0x000000000229e000 JavaThread "main" [_thread_blocked, id=18160, stack(0x0000000002480000,0x0000000002580000)]

Other Threads:
  0x0000000054f08800 VMThread [stack: 0x0000000055f70000,0x0000000056070000] [id=22080]
  0x000000005645d800 WatcherThread [stack: 0x0000000056fe0000,0x00000000570e0000] [id=22384]

VM state:synchronizing (normal execution)

VM Mutex/Monitor currently owned by a thread:  ([mutex/lock_event])
[0x000000000229c380] Safepoint_lock - owner thread: 0x0000000054f08800
[0x000000000229c400] Threads_lock - owner thread: 0x0000000054f08800
[0x000000000229ce00] Compile_lock - owner thread: 0x00000000566f6000

Heap:
 PSYoungGen      total 28672K, used 8245K [0x00000000eab00000, 0x00000000ee300000, 0x0000000100000000)
  eden space 24576K, 16% used [0x00000000eab00000,0x00000000eaf14698,0x00000000ec300000)
  from space 4096K, 99% used [0x00000000ec300000,0x00000000ec6f8f50,0x00000000ec700000)
  to   space 4096K, 0% used [0x00000000edf00000,0x00000000edf00000,0x00000000ee300000)
 ParOldGen       total 65536K, used 4937K [0x00000000c0000000, 0x00000000c4000000, 0x00000000eab00000)
  object space 65536K, 7% used [0x00000000c0000000,0x00000000c04d2578,0x00000000c4000000)
 Metaspace       used 5646K, capacity 6768K, committed 7040K, reserved 1056768K
  class space    used 561K, capacity 616K, committed 640K, reserved 1048576K

Card table byte_map: [0x0000000011940000,0x0000000011b50000] byte_map_base: 0x0000000011340000

Marking Bits: (ParMarkBitMap*) 0x00000000621418f0
 Begin Bits: [0x0000000012380000, 0x0000000013380000)
 End Bits:   [0x0000000013380000, 0x0000000014380000)

Polling page: 0x0000000000220000

CodeCache: size=245760Kb used=4077Kb max_used=4082Kb free=241682Kb
 bounds [0x0000000002580000, 0x0000000002980000, 0x0000000011580000]
 total_blobs=1252 nmethods=987 adapters=177
 compilation: disabled (not enough contiguous free space left)

Compilation events (10 events):
Event: 2.539 Thread 0x000000005643c800  963       3       com.android.dx.ssa.SsaRenamer::isVersionZeroRegister (14 bytes)
Event: 2.539 Thread 0x000000005643c800 nmethod 963 0x000000000296c010 code [0x000000000296c160, 0x000000000296c310]
Event: 2.539 Thread 0x000000005643c800  959       3       com.android.dx.ssa.LocalVariableInfo::getStarts (19 bytes)
Event: 2.539 Thread 0x000000005643c800 nmethod 959 0x000000000296a710 code [0x000000000296a8a0, 0x000000000296abc8]
Event: 2.539 Thread 0x000000005643c800  960       3       com.android.dx.ssa.SsaBasicBlock::addPhiInsnForReg (18 bytes)
Event: 2.540 Thread 0x000000005643c800 nmethod 960 0x00000000029698d0 code [0x0000000002969aa0, 0x000000000296a1e8]
Event: 2.542 Thread 0x0000000054f7f800 nmethod 964 0x0000000002971f10 code [0x0000000002972060, 0x0000000002972518]
Event: 2.542 Thread 0x0000000054f7f800  965       4       com.android.dx.ssa.NormalSsaInsn::mapSourceRegisters (48 bytes)
Event: 2.542 Thread 0x0000000054f7b000 nmethod 958 0x000000000296e050 code [0x000000000296e1c0, 0x000000000296e718]
Event: 2.542 Thread 0x0000000054f7b000  966       4       com.android.dx.ssa.RegisterMapper::map (63 bytes)

GC Heap History (2 events):
Event: 2.493 GC heap before
{Heap before GC invocations=1 (full 0):
 PSYoungGen      total 28672K, used 24576K [0x00000000eab00000, 0x00000000ecb00000, 0x0000000100000000)
  eden space 24576K, 100% used [0x00000000eab00000,0x00000000ec300000,0x00000000ec300000)
  from space 4096K, 0% used [0x00000000ec700000,0x00000000ec700000,0x00000000ecb00000)
  to   space 4096K, 0% used [0x00000000ec300000,0x00000000ec300000,0x00000000ec700000)
 ParOldGen       total 65536K, used 0K [0x00000000c0000000, 0x00000000c4000000, 0x00000000eab00000)
  object space 65536K, 0% used [0x00000000c0000000,0x00000000c0000000,0x00000000c4000000)
 Metaspace       used 5619K, capacity 6768K, committed 7040K, reserved 1056768K
  class space    used 560K, capacity 616K, committed 640K, reserved 1048576K
Event: 2.525 GC heap after
Heap after GC invocations=1 (full 0):
 PSYoungGen      total 28672K, used 4067K [0x00000000eab00000, 0x00000000ee300000, 0x0000000100000000)
  eden space 24576K, 0% used [0x00000000eab00000,0x00000000eab00000,0x00000000ec300000)
  from space 4096K, 99% used [0x00000000ec300000,0x00000000ec6f8f50,0x00000000ec700000)
  to   space 4096K, 0% used [0x00000000edf00000,0x00000000edf00000,0x00000000ee300000)
 ParOldGen       total 65536K, used 4937K [0x00000000c0000000, 0x00000000c4000000, 0x00000000eab00000)
  object space 65536K, 7% used [0x00000000c0000000,0x00000000c04d2578,0x00000000c4000000)
 Metaspace       used 5619K, capacity 6768K, committed 7040K, reserved 1056768K
  class space    used 560K, capacity 616K, committed 640K, reserved 1048576K
}

Deoptimization events (3 events):
Event: 1.890 Thread 0x00000000566f6000 Uncommon trap: reason=unstable_if action=reinterpret pc=0x000000000277fe64 method=java.util.HashMap.getNode(ILjava/lang/Object;)Ljava/util/HashMap$Node; @ 62
Event: 2.464 Thread 0x00000000566f6000 Uncommon trap: reason=class_check action=maybe_recompile pc=0x000000000293c26c method=com.android.dx.cf.code.BytecodeArray.parseInstruction(ILcom/android/dx/cf/code/BytecodeArray$Visitor;)I @ 1287
Event: 2.464 Thread 0x00000000566f6000 Uncommon trap: reason=class_check action=maybe_recompile pc=0x000000000293c26c method=com.android.dx.cf.code.BytecodeArray.parseInstruction(ILcom/android/dx/cf/code/BytecodeArray$Visitor;)I @ 1287

Internal exceptions (2 events):
Event: 0.060 Thread 0x000000000229e000 Exception <a 'java/lang/NoSuchMethodError': Method sun.misc.Unsafe.defineClass(Ljava/lang/String;[BII)Ljava/lang/Class; name or signature does not match> (0x00000000eab07c78) thrown at [C:\src\android\AOSP-openjdk\external\jetbrains\jdk\hotspot\src\share\v¡¢@€±Æ?
Event: 0.060 Thread 0x000000000229e000 Exception <a 'java/lang/NoSuchMethodError': Method sun.misc.Unsafe.prefetchRead(Ljava/lang/Object;J)V name or signature does not match> (0x00000000eab07f60) thrown at [C:\src\android\AOSP-openjdk\external\jetbrains\jdk\hotspot\src\share\vm\prims\jni.cpp, l

Events (10 events):
Event: 2.490 Thread 0x00000000566f6000 DEOPT PACKING pc=0x0000000002753894 sp=0x00000000575eec30
Event: 2.490 Thread 0x00000000566f6000 DEOPT UNPACKING pc=0x00000000025c75bf sp=0x00000000575ee960 mode 0
Event: 2.490 Thread 0x00000000566f6000 DEOPT PACKING pc=0x000000000283921c sp=0x00000000575eebd0
Event: 2.490 Thread 0x00000000566f6000 DEOPT UNPACKING pc=0x00000000025c75bf sp=0x00000000575ee8f8 mode 0
Event: 2.491 Thread 0x00000000566f6000 DEOPT PACKING pc=0x0000000002753894 sp=0x00000000575eeb90
Event: 2.491 Thread 0x00000000566f6000 DEOPT UNPACKING pc=0x00000000025c75bf sp=0x00000000575ee8b8 mode 0
Event: 2.491 Thread 0x00000000566f6000 DEOPT PACKING pc=0x0000000002753894 sp=0x00000000575eeb90
Event: 2.491 Thread 0x00000000566f6000 DEOPT UNPACKING pc=0x00000000025c75bf sp=0x00000000575ee8b8 mode 0
Event: 2.492 Executing VM operation: ParallelGCFailedAllocation
Event: 2.525 Executing VM operation: ParallelGCFailedAllocation done


Dynamic libraries:
0x000000013fef0000 - 0x000000013ff21000 	D:\AndroidStudio\Android Studio\jre\bin\java.exe
0x00000000773c0000 - 0x000000007756a000 	C:\Windows\SYSTEM32\ntdll.dll
0x0000000077060000 - 0x000000007717f000 	C:\Windows\system32\kernel32.dll
0x000007fefd390000 - 0x000007fefd3fa000 	C:\Windows\system32\KERNELBASE.dll
0x000007fefd440000 - 0x000007fefd51b000 	C:\Windows\system32\ADVAPI32.dll
0x000007fefddd0000 - 0x000007fefde6f000 	C:\Windows\system32\msvcrt.dll
0x000007fefdc20000 - 0x000007fefdc3f000 	C:\Windows\SYSTEM32\sechost.dll
0x000007fefd520000 - 0x000007fefd64d000 	C:\Windows\system32\RPCRT4.dll
0x0000000077180000 - 0x000000007727a000 	C:\Windows\system32\USER32.dll
0x000007fefe770000 - 0x000007fefe7d7000 	C:\Windows\system32\GDI32.dll
0x000007fefe2a0000 - 0x000007fefe2ae000 	C:\Windows\system32\LPK.dll
0x000007fefd650000 - 0x000007fefd71b000 	C:\Windows\system32\USP10.dll
0x000007fefbb10000 - 0x000007fefbd04000 	C:\Windows\WinSxS\amd64_microsoft.windows.common-controls_6595b64144ccf1df_6.0.7601.18837_none_fa3b1e3d17594757\COMCTL32.dll
0x000007fefe6f0000 - 0x000007fefe761000 	C:\Windows\system32\SHLWAPI.dll
0x000007fefe7e0000 - 0x000007fefe80e000 	C:\Windows\system32\IMM32.DLL
0x000007fefe810000 - 0x000007fefe919000 	C:\Windows\system32\MSCTF.dll
0x000007fefcf70000 - 0x000007fefcfde000 	C:\Windows\system32\dtrampo.dll
0x000007fef9720000 - 0x000007fef9723000 	C:\Windows\system32\api-ms-win-core-synch-l1-2-0.DLL
0x0000000070660000 - 0x0000000070732000 	D:\AndroidStudio\Android Studio\jre\jre\bin\msvcr100.dll
0x0000000061980000 - 0x00000000621bc000 	D:\AndroidStudio\Android Studio\jre\jre\bin\server\jvm.dll
0x000007fef95c0000 - 0x000007fef95c9000 	C:\Windows\system32\WSOCK32.dll
0x000007fefe070000 - 0x000007fefe0bd000 	C:\Windows\system32\WS2_32.dll
0x000007fefddc0000 - 0x000007fefddc8000 	C:\Windows\system32\NSI.dll
0x000007fefd350000 - 0x000007fefd38b000 	C:\Windows\system32\WINMM.dll
0x000007fefc050000 - 0x000007fefc05c000 	C:\Windows\system32\VERSION.dll
0x0000000077580000 - 0x0000000077587000 	C:\Windows\system32\PSAPI.DLL
0x000007fef4920000 - 0x000007fef492f000 	D:\AndroidStudio\Android Studio\jre\jre\bin\verify.dll
0x000007fef2e80000 - 0x000007fef2ea9000 	D:\AndroidStudio\Android Studio\jre\jre\bin\java.dll
0x000007fef44b0000 - 0x000007fef44c6000 	D:\AndroidStudio\Android Studio\jre\jre\bin\zip.dll
0x000007fefe920000 - 0x000007feff6aa000 	C:\Windows\system32\SHELL32.dll
0x000007fefde70000 - 0x000007fefe06c000 	C:\Windows\system32\ole32.dll
0x000007fefcfe0000 - 0x000007fefcfef000 	C:\Windows\system32\profapi.dll

VM Arguments:
jvm_args: -Djava.awt.headless=true -Xmx1024M -Dfile.encoding=GBK -Duser.country=CN -Duser.language=zh -Duser.variant 
java_command: com.android.dx.command.Main --dex --force-jumbo --num-threads=4 --multi-dex --output D:\prj\TrafficClient_init\TrafficClient\app\build\intermediates\transforms\dex\debug\folders\1000\5\slice_4 D:\prj\TrafficClient_init\TrafficClient\app\build\intermediates\transforms\instantRunSlicer\debug\folders\1\5\slice_4
java_class_path (initial): D:\AndroidStudio\sdk\build-tools\25.0.0\lib\dx.jar
Launcher Type: SUN_STANDARD

Environment Variables:
PATH=C:\Python35\Scripts\;C:\Python35\;C:\ProgramData\Oracle\Java\javapath;C:\Windows\system32;C:\Windows;C:\Windows\System32\Wbem;C:\Windows\System32\WindowsPowerShell\v1.0\;C:\Program Files (x86)\ATI Technologies\ATI.ACE\Core-Static;D:\mysql57srv\bin;c:\Program Files (x86)\Microsoft SQL Server\100\Tools\Binn\;c:\Program Files\Microsoft SQL Server\100\Tools\Binn\;c:\Program Files\Microsoft SQL Server\100\DTS\Binn\;C:\Program Files (x86)\Microsoft SQL Server\100\Tools\Binn\VSShell\Common7\IDE\;C:\Program Files (x86)\Microsoft SQL Server\100\DTS\Binn\;C:\Program Files\TortoiseGit\bin;C:\Program Files (x86)\GitExtensions\;D:\eclipse\android-sdk-windows\tools;D:\eclipse\android-sdk-windows\platform-tools;C:\Program Files\dotnet\;C:\Program Files\nodejs\;C:\Program Files\Git\cmd;C:\Program Files\PuTTY\;C:\Program Files (x86)\SSH Communications Security\SSH Secure Shell;C:\Users\Administrator\AppData\Roaming\npm
USERNAME=Administrator
OS=Windows_NT
PROCESSOR_IDENTIFIER=Intel64 Family 6 Model 58 Stepping 9, GenuineIntel



---------------  S Y S T E M  ---------------

OS: Windows 7 , 64 bit Build 7601 (6.1.7601.23915)

CPU:total 4 (4 cores per cpu, 1 threads per core) family 6 model 58 stepping 9, cmov, cx8, fxsr, mmx, sse, sse2, sse3, ssse3, sse4.1, sse4.2, popcnt, avx, aes, clmul, erms, tsc, tscinvbit, tscinv

Memory: 4k page, physical 6244916k(992664k free), swap 8340208k(206556k free)

vm_info: OpenJDK 64-Bit Server VM (25.112-b06) for windows-amd64 JRE (1.8.0_112-release-b06), built on Dec  8 2016 00:54:26 by "builder" with MS VC++ 10.0 (VS2010)

time: Fri Jan 26 14:46:16 2018
elapsed time: 2 seconds (0d 0h 0m 2s)

