#
# There is insufficient memory for the Java Runtime Environment to continue.
# Native memory allocation (malloc) failed to allocate 32784 bytes for Chunk::new
# Possible reasons:
#   The system is out of physical RAM or swap space
#   In 32 bit mode, the process size limit was hit
# Possible solutions:
#   Reduce memory load on the system
#   Increase physical memory or swap space
#   Check if swap backing store is full
#   Use 64 bit Java on a 64 bit OS
#   Decrease Java heap size (-Xmx/-Xms)
#   Decrease number of Java threads
#   Decrease Java thread stack sizes (-Xss)
#   Set larger code cache with -XX:ReservedCodeCacheSize=
# This output file may be truncated or incomplete.
#
#  Out of Memory Error (allocation.cpp:390), pid=21612, tid=0x00000000000056b4
#
# JRE version: OpenJDK Runtime Environment (8.0_112-b06) (build 1.8.0_112-release-b06)
# Java VM: OpenJDK 64-Bit Server VM (25.112-b06 mixed mode windows-amd64 compressed oops)
# Failed to write core dump. Minidumps are not enabled by default on client versions of Windows
#

---------------  T H R E A D  ---------------

Current thread (0x0000000056513000):  JavaThread "C1 CompilerThread2" daemon [_thread_in_native, id=22196, stack(0x0000000056df0000,0x0000000056ef0000)]

Stack: [0x0000000056df0000,0x0000000056ef0000]
[error occurred during error reporting (printing stack bounds), id 0xc0000005]

Native frames: (J=compiled Java code, j=interpreted, Vv=VM code, C=native code)


Current CompileTask:
C1:    459  702   !   3       com.android.dx.cf.code.RopperMachine::run (1550 bytes)


---------------  P R O C E S S  ---------------

Java Threads: ( => current thread )
  0x00000000566ae000 JavaThread "pool-2-thread-4" [_thread_in_Java, id=11200, stack(0x0000000057650000,0x0000000057750000)]
  0x0000000056690800 JavaThread "pool-2-thread-3" [_thread_in_Java, id=6396, stack(0x0000000057790000,0x0000000057890000)]
  0x000000005668f800 JavaThread "pool-2-thread-2" [_thread_in_Java, id=17916, stack(0x0000000057500000,0x0000000057600000)]
  0x000000005668d800 JavaThread "pool-3-thread-1" [_thread_blocked, id=21688, stack(0x00000000573d0000,0x00000000574d0000)]
  0x000000005668a800 JavaThread "pool-2-thread-1" [_thread_in_Java, id=22052, stack(0x0000000056f10000,0x0000000057010000)]
  0x0000000056558800 JavaThread "Service Thread" daemon [_thread_blocked, id=17404, stack(0x0000000057050000,0x0000000057150000)]
=>0x0000000056513000 JavaThread "C1 CompilerThread2" daemon [_thread_in_native, id=22196, stack(0x0000000056df0000,0x0000000056ef0000)]
  0x00000000564f1800 JavaThread "C2 CompilerThread1" daemon [_thread_in_native, id=22340, stack(0x0000000056b00000,0x0000000056c00000)]
  0x0000000054fde000 JavaThread "C2 CompilerThread0" daemon [_thread_in_native, id=22404, stack(0x0000000056c10000,0x0000000056d10000)]
  0x00000000564d9000 JavaThread "Attach Listener" daemon [_thread_blocked, id=22324, stack(0x00000000562a0000,0x00000000563a0000)]
  0x00000000564d8800 JavaThread "Signal Dispatcher" daemon [_thread_blocked, id=21772, stack(0x0000000056990000,0x0000000056a90000)]
  0x0000000054fb9800 JavaThread "Finalizer" daemon [_thread_blocked, id=22296, stack(0x00000000563d0000,0x00000000564d0000)]
  0x0000000054f70800 JavaThread "Reference Handler" daemon [_thread_blocked, id=21872, stack(0x0000000056130000,0x0000000056230000)]
  0x000000000239e000 JavaThread "main" [_thread_blocked, id=18184, stack(0x00000000023f0000,0x00000000024f0000)]

Other Threads:
  0x0000000054f68800 VMThread [stack: 0x0000000055f70000,0x0000000056070000] [id=17896]
  0x000000005655a000 WatcherThread [stack: 0x00000000571a0000,0x00000000572a0000] [id=22044]

VM state:not at safepoint (normal execution)

VM Mutex/Monitor currently owned by a thread: None

Heap:
 PSYoungGen      total 28672K, used 20939K [0x00000000eab00000, 0x00000000ecb00000, 0x0000000100000000)
  eden space 24576K, 85% used [0x00000000eab00000,0x00000000ebf72ce8,0x00000000ec300000)
  from space 4096K, 0% used [0x00000000ec700000,0x00000000ec700000,0x00000000ecb00000)
  to   space 4096K, 0% used [0x00000000ec300000,0x00000000ec300000,0x00000000ec700000)
 ParOldGen       total 65536K, used 0K [0x00000000c0000000, 0x00000000c4000000, 0x00000000eab00000)
  object space 65536K, 0% used [0x00000000c0000000,0x00000000c0000000,0x00000000c4000000)
 Metaspace       used 5730K, capacity 6704K, committed 6784K, reserved 1056768K
  class space    used 577K, capacity 616K, committed 640K, reserved 1048576K

Card table byte_map: [0x0000000011990000,0x0000000011ba0000] byte_map_base: 0x0000000011390000

Marking Bits: (ParMarkBitMap*) 0x00000000621418f0
 Begin Bits: [0x00000000123e0000, 0x00000000133e0000)
 End Bits:   [0x00000000133e0000, 0x00000000143e0000)

Polling page: 0x0000000000120000

CodeCache: size=245760Kb used=2721Kb max_used=2732Kb free=243038Kb
 bounds [0x00000000025d0000, 0x0000000002880000, 0x00000000115d0000]
 total_blobs=979 nmethods=709 adapters=184
 compilation: enabled

Compilation events (10 events):
Event: 0.437 Thread 0x0000000056513000 nmethod 711 0x0000000002879250 code [0x00000000028794c0, 0x000000000287a4b8]
Event: 0.437 Thread 0x0000000056513000  702   !   3       com.android.dx.cf.code.RopperMachine::run (1550 bytes)
Event: 0.437 Thread 0x00000000564f1800 nmethod 727 0x0000000002819b90 code [0x0000000002819cc0, 0x0000000002819d18]
Event: 0.437 Thread 0x00000000564f1800  716       4       java.lang.Object::equals (11 bytes)
Event: 0.437 Thread 0x00000000564f1800 nmethod 716 0x000000000282b790 code [0x000000000282b8c0, 0x000000000282b918]
Event: 0.437 Thread 0x00000000564f1800  733       4       com.android.dx.util.Bits::set (38 bytes)
Event: 0.438 Thread 0x00000000564f1800 nmethod 733 0x0000000002877550 code [0x0000000002877680, 0x0000000002877738]
Event: 0.438 Thread 0x00000000564f1800  715       4       com.android.dx.ssa.DeadCodeRemover::hasSideEffect (11 bytes)
Event: 0.440 Thread 0x00000000564f1800 nmethod 715 0x000000000287b110 code [0x000000000287b260, 0x000000000287b438]
Event: 0.440 Thread 0x00000000564f1800  751       4       com.android.dx.ssa.NormalSsaInsn::accept (25 bytes)

GC Heap History (0 events):
No events

Deoptimization events (6 events):
Event: 0.213 Thread 0x000000000239e000 Uncommon trap: reason=unstable_if action=reinterpret pc=0x0000000002713d84 method=java.lang.String.indexOf(II)I @ 49
Event: 0.425 Thread 0x000000000239e000 Uncommon trap: reason=class_check action=maybe_recompile pc=0x00000000028416dc method=com.android.dx.ssa.NormalSsaInsn.accept(Lcom/android/dx/ssa/SsaInsn$Visitor;)V @ 9
Event: 0.425 Thread 0x000000000239e000 Uncommon trap: reason=class_check action=maybe_recompile pc=0x00000000028416dc method=com.android.dx.ssa.NormalSsaInsn.accept(Lcom/android/dx/ssa/SsaInsn$Visitor;)V @ 9
Event: 0.425 Thread 0x000000000239e000 Uncommon trap: reason=class_check action=maybe_recompile pc=0x00000000028416dc method=com.android.dx.ssa.NormalSsaInsn.accept(Lcom/android/dx/ssa/SsaInsn$Visitor;)V @ 9
Event: 0.426 Thread 0x000000000239e000 Uncommon trap: reason=class_check action=maybe_recompile pc=0x00000000028416dc method=com.android.dx.ssa.NormalSsaInsn.accept(Lcom/android/dx/ssa/SsaInsn$Visitor;)V @ 9
Event: 0.426 Thread 0x000000000239e000 Uncommon trap: reason=class_check action=maybe_recompile pc=0x00000000028055e0 method=com.android.dx.ssa.NormalSsaInsn.accept(Lcom/android/dx/ssa/SsaInsn$Visitor;)V @ 9

Internal exceptions (2 events):
Event: 0.043 Thread 0x000000000239e000 Exception <a 'java/lang/NoSuchMethodError': Method sun.misc.Unsafe.defineClass(Ljava/lang/String;[BII)Ljava/lang/Class; name or signature does not match> (0x00000000eab07c78) thrown at [C:\src\android\AOSP-openjdk\external\jetbrains\jdk\hotspot\src\share\vH¡8™Ã.¦?
Event: 0.043 Thread 0x000000000239e000 Exception <a 'java/lang/NoSuchMethodError': Method sun.misc.Unsafe.prefetchRead(Ljava/lang/Object;J)V name or signature does not match> (0x00000000eab07f60) thrown at [C:\src\android\AOSP-openjdk\external\jetbrains\jdk\hotspot\src\share\vm\prims\jni.cpp, l

Events (10 events):
Event: 0.425 Thread 0x000000000239e000 DEOPT UNPACKING pc=0x000000000261556a sp=0x00000000024eddc0 mode 2
Event: 0.425 Thread 0x000000000239e000 Uncommon trap: trap_request=0xffffffde fr.pc=0x00000000028416dc
Event: 0.425 Thread 0x000000000239e000 DEOPT PACKING pc=0x00000000028416dc sp=0x00000000024edd90
Event: 0.425 Thread 0x000000000239e000 DEOPT UNPACKING pc=0x000000000261556a sp=0x00000000024edcd0 mode 2
Event: 0.426 Thread 0x000000000239e000 Uncommon trap: trap_request=0xffffffde fr.pc=0x00000000028416dc
Event: 0.426 Thread 0x000000000239e000 DEOPT PACKING pc=0x00000000028416dc sp=0x00000000024ee130
Event: 0.426 Thread 0x000000000239e000 DEOPT UNPACKING pc=0x000000000261556a sp=0x00000000024ee070 mode 2
Event: 0.426 Thread 0x000000000239e000 Uncommon trap: trap_request=0xffffffde fr.pc=0x00000000028055e0
Event: 0.426 Thread 0x000000000239e000 DEOPT PACKING pc=0x00000000028055e0 sp=0x00000000024ee0f0
Event: 0.426 Thread 0x000000000239e000 DEOPT UNPACKING pc=0x000000000261556a sp=0x00000000024ee090 mode 2


Dynamic libraries:
0x000000013fef0000 - 0x000000013ff21000 	D:\AndroidStudio\Android Studio\jre\bin\java.exe
0x00000000773c0000 - 0x000000007756a000 	C:\Windows\SYSTEM32\ntdll.dll
0x0000000077060000 - 0x000000007717f000 	C:\Windows\system32\kernel32.dll
0x000007fefd390000 - 0x000007fefd3fa000 	C:\Windows\system32\KERNELBASE.dll
0x000007fefd440000 - 0x000007fefd51b000 	C:\Windows\system32\ADVAPI32.dll
0x000007fefddd0000 - 0x000007fefde6f000 	C:\Windows\system32\msvcrt.dll
0x000007fefdc20000 - 0x000007fefdc3f000 	C:\Windows\SYSTEM32\sechost.dll
0x000007fefd520000 - 0x000007fefd64d000 	C:\Windows\system32\RPCRT4.dll
0x0000000077180000 - 0x000000007727a000 	C:\Windows\system32\USER32.dll
0x000007fefe770000 - 0x000007fefe7d7000 	C:\Windows\system32\GDI32.dll
0x000007fefe2a0000 - 0x000007fefe2ae000 	C:\Windows\system32\LPK.dll
0x000007fefd650000 - 0x000007fefd71b000 	C:\Windows\system32\USP10.dll
0x000007fefbb10000 - 0x000007fefbd04000 	C:\Windows\WinSxS\amd64_microsoft.windows.common-controls_6595b64144ccf1df_6.0.7601.18837_none_fa3b1e3d17594757\COMCTL32.dll
0x000007fefe6f0000 - 0x000007fefe761000 	C:\Windows\system32\SHLWAPI.dll
0x000007fefe7e0000 - 0x000007fefe80e000 	C:\Windows\system32\IMM32.DLL
0x000007fefe810000 - 0x000007fefe919000 	C:\Windows\system32\MSCTF.dll
0x000007fefcf70000 - 0x000007fefcfde000 	C:\Windows\system32\dtrampo.dll
0x000007fef9720000 - 0x000007fef9723000 	C:\Windows\system32\api-ms-win-core-synch-l1-2-0.DLL
0x0000000070660000 - 0x0000000070732000 	D:\AndroidStudio\Android Studio\jre\jre\bin\msvcr100.dll
0x0000000061980000 - 0x00000000621bc000 	D:\AndroidStudio\Android Studio\jre\jre\bin\server\jvm.dll
0x000007fef95c0000 - 0x000007fef95c9000 	C:\Windows\system32\WSOCK32.dll
0x000007fefe070000 - 0x000007fefe0bd000 	C:\Windows\system32\WS2_32.dll
0x000007fefddc0000 - 0x000007fefddc8000 	C:\Windows\system32\NSI.dll
0x000007fefd350000 - 0x000007fefd38b000 	C:\Windows\system32\WINMM.dll
0x000007fefc050000 - 0x000007fefc05c000 	C:\Windows\system32\VERSION.dll
0x0000000077580000 - 0x0000000077587000 	C:\Windows\system32\PSAPI.DLL
0x000007fef4920000 - 0x000007fef492f000 	D:\AndroidStudio\Android Studio\jre\jre\bin\verify.dll
0x000007fef2e80000 - 0x000007fef2ea9000 	D:\AndroidStudio\Android Studio\jre\jre\bin\java.dll
0x000007fef44b0000 - 0x000007fef44c6000 	D:\AndroidStudio\Android Studio\jre\jre\bin\zip.dll
0x000007fefe920000 - 0x000007feff6aa000 	C:\Windows\system32\SHELL32.dll
0x000007fefde70000 - 0x000007fefe06c000 	C:\Windows\system32\ole32.dll
0x000007fefcfe0000 - 0x000007fefcfef000 	C:\Windows\system32\profapi.dll

VM Arguments:
jvm_args: -Djava.awt.headless=true -Xmx1024M -Dfile.encoding=GBK -Duser.country=CN -Duser.language=zh -Duser.variant 
java_command: com.android.dx.command.Main --dex --force-jumbo --num-threads=4 --multi-dex --output D:\prj\TrafficClient_init\TrafficClient\app\build\intermediates\transforms\dex\debug\folders\1000\10000\instant-run_66b386999c3717dcdfe4d65d5af95fae92dcd7d2 D:\prj\TrafficClient_init\TrafficClient\app\build\intermediates\incremental-runtime-classes\debug\instant-run.jar
java_class_path (initial): D:\AndroidStudio\sdk\build-tools\25.0.0\lib\dx.jar
Launcher Type: SUN_STANDARD

Environment Variables:
PATH=C:\Python35\Scripts\;C:\Python35\;C:\ProgramData\Oracle\Java\javapath;C:\Windows\system32;C:\Windows;C:\Windows\System32\Wbem;C:\Windows\System32\WindowsPowerShell\v1.0\;C:\Program Files (x86)\ATI Technologies\ATI.ACE\Core-Static;D:\mysql57srv\bin;c:\Program Files (x86)\Microsoft SQL Server\100\Tools\Binn\;c:\Program Files\Microsoft SQL Server\100\Tools\Binn\;c:\Program Files\Microsoft SQL Server\100\DTS\Binn\;C:\Program Files (x86)\Microsoft SQL Server\100\Tools\Binn\VSShell\Common7\IDE\;C:\Program Files (x86)\Microsoft SQL Server\100\DTS\Binn\;C:\Program Files\TortoiseGit\bin;C:\Program Files (x86)\GitExtensions\;D:\eclipse\android-sdk-windows\tools;D:\eclipse\android-sdk-windows\platform-tools;C:\Program Files\dotnet\;C:\Program Files\nodejs\;C:\Program Files\Git\cmd;C:\Program Files\PuTTY\;C:\Program Files (x86)\SSH Communications Security\SSH Secure Shell;C:\Users\Administrator\AppData\Roaming\npm
USERNAME=Administrator
OS=Windows_NT
PROCESSOR_IDENTIFIER=Intel64 Family 6 Model 58 Stepping 9, GenuineIntel



---------------  S Y S T E M  ---------------

OS: Windows 7 , 64 bit Build 7601 (6.1.7601.23915)

CPU:total 4 (4 cores per cpu, 1 threads per core) family 6 model 58 stepping 9, cmov, cx8, fxsr, mmx, sse, sse2, sse3, ssse3, sse4.1, sse4.2, popcnt, avx, aes, clmul, erms, tsc, tscinvbit, tscinv

Memory: 4k page, physical 6244916k(1004420k free), swap 8340208k(4080k free)

vm_info: OpenJDK 64-Bit Server VM (25.112-b06) for windows-amd64 JRE (1.8.0_112-release-b06), built on Dec  8 2016 00:54:26 by "builder" with MS VC++ 10.0 (VS2010)

time: Fri Jan 26 14:46:45 2018
elapsed time: 0 seconds (0d 0h 0m 0s)

